{"/Users/chrisfloyd/Sprints/SDC/reviewandratings/helpers.js": {"path":"/Users/chrisfloyd/Sprints/SDC/reviewandratings/helpers.js","statementMap":{"0":{"start":{"line":2,"column":20},"end":{"line":49,"column":1}},"1":{"start":{"line":3,"column":16},"end":{"line":8,"column":3}},"2":{"start":{"line":10,"column":2},"end":{"line":47,"column":5}},"3":{"start":{"line":12,"column":20},"end":{"line":23,"column":5}},"4":{"start":{"line":25,"column":4},"end":{"line":30,"column":5}},"5":{"start":{"line":26,"column":6},"end":{"line":29,"column":8}},"6":{"start":{"line":32,"column":4},"end":{"line":43,"column":5}},"7":{"start":{"line":32,"column":17},"end":{"line":32,"column":18}},"8":{"start":{"line":33,"column":22},"end":{"line":33,"column":40}},"9":{"start":{"line":34,"column":6},"end":{"line":42,"column":7}},"10":{"start":{"line":35,"column":8},"end":{"line":41,"column":9}},"11":{"start":{"line":36,"column":10},"end":{"line":39,"column":12}},"12":{"start":{"line":40,"column":10},"end":{"line":40,"column":16}},"13":{"start":{"line":44,"column":4},"end":{"line":44,"column":36}},"14":{"start":{"line":48,"column":2},"end":{"line":48,"column":17}},"15":{"start":{"line":52,"column":17},"end":{"line":107,"column":1}},"16":{"start":{"line":53,"column":16},"end":{"line":61,"column":3}},"17":{"start":{"line":63,"column":2},"end":{"line":92,"column":5}},"18":{"start":{"line":65,"column":4},"end":{"line":69,"column":5}},"19":{"start":{"line":66,"column":6},"end":{"line":66,"column":41}},"20":{"start":{"line":68,"column":6},"end":{"line":68,"column":37}},"21":{"start":{"line":72,"column":4},"end":{"line":74,"column":5}},"22":{"start":{"line":73,"column":6},"end":{"line":73,"column":31}},"23":{"start":{"line":75,"column":4},"end":{"line":77,"column":5}},"24":{"start":{"line":76,"column":6},"end":{"line":76,"column":30}},"25":{"start":{"line":80,"column":4},"end":{"line":86,"column":5}},"26":{"start":{"line":81,"column":6},"end":{"line":85,"column":7}},"27":{"start":{"line":88,"column":4},"end":{"line":91,"column":5}},"28":{"start":{"line":89,"column":6},"end":{"line":89,"column":61}},"29":{"start":{"line":90,"column":6},"end":{"line":90,"column":47}},"30":{"start":{"line":94,"column":2},"end":{"line":97,"column":3}},"31":{"start":{"line":95,"column":4},"end":{"line":95,"column":122}},"32":{"start":{"line":96,"column":4},"end":{"line":96,"column":44}},"33":{"start":{"line":98,"column":2},"end":{"line":100,"column":3}},"34":{"start":{"line":99,"column":4},"end":{"line":99,"column":59}},"35":{"start":{"line":102,"column":2},"end":{"line":104,"column":3}},"36":{"start":{"line":103,"column":4},"end":{"line":103,"column":63}},"37":{"start":{"line":105,"column":2},"end":{"line":105,"column":17}},"38":{"start":{"line":110,"column":0},"end":{"line":114,"column":1}}},"fnMap":{"0":{"name":"(anonymous_0)","decl":{"start":{"line":2,"column":20},"end":{"line":2,"column":21}},"loc":{"start":{"line":2,"column":62},"end":{"line":49,"column":1}},"line":2},"1":{"name":"(anonymous_1)","decl":{"start":{"line":10,"column":16},"end":{"line":10,"column":17}},"loc":{"start":{"line":10,"column":26},"end":{"line":47,"column":3}},"line":10},"2":{"name":"(anonymous_2)","decl":{"start":{"line":52,"column":17},"end":{"line":52,"column":18}},"loc":{"start":{"line":52,"column":42},"end":{"line":107,"column":1}},"line":52},"3":{"name":"(anonymous_3)","decl":{"start":{"line":63,"column":18},"end":{"line":63,"column":19}},"loc":{"start":{"line":63,"column":28},"end":{"line":92,"column":3}},"line":63}},"branchMap":{"0":{"loc":{"start":{"line":25,"column":4},"end":{"line":30,"column":5}},"type":"if","locations":[{"start":{"line":25,"column":4},"end":{"line":30,"column":5}},{"start":{"line":25,"column":4},"end":{"line":30,"column":5}}],"line":25},"1":{"loc":{"start":{"line":34,"column":6},"end":{"line":42,"column":7}},"type":"if","locations":[{"start":{"line":34,"column":6},"end":{"line":42,"column":7}},{"start":{"line":34,"column":6},"end":{"line":42,"column":7}}],"line":34},"2":{"loc":{"start":{"line":35,"column":8},"end":{"line":41,"column":9}},"type":"if","locations":[{"start":{"line":35,"column":8},"end":{"line":41,"column":9}},{"start":{"line":35,"column":8},"end":{"line":41,"column":9}}],"line":35},"3":{"loc":{"start":{"line":65,"column":4},"end":{"line":69,"column":5}},"type":"if","locations":[{"start":{"line":65,"column":4},"end":{"line":69,"column":5}},{"start":{"line":65,"column":4},"end":{"line":69,"column":5}}],"line":65},"4":{"loc":{"start":{"line":72,"column":4},"end":{"line":74,"column":5}},"type":"if","locations":[{"start":{"line":72,"column":4},"end":{"line":74,"column":5}},{"start":{"line":72,"column":4},"end":{"line":74,"column":5}}],"line":72},"5":{"loc":{"start":{"line":75,"column":4},"end":{"line":77,"column":5}},"type":"if","locations":[{"start":{"line":75,"column":4},"end":{"line":77,"column":5}},{"start":{"line":75,"column":4},"end":{"line":77,"column":5}}],"line":75},"6":{"loc":{"start":{"line":80,"column":4},"end":{"line":86,"column":5}},"type":"if","locations":[{"start":{"line":80,"column":4},"end":{"line":86,"column":5}},{"start":{"line":80,"column":4},"end":{"line":86,"column":5}}],"line":80},"7":{"loc":{"start":{"line":88,"column":4},"end":{"line":91,"column":5}},"type":"if","locations":[{"start":{"line":88,"column":4},"end":{"line":91,"column":5}},{"start":{"line":88,"column":4},"end":{"line":91,"column":5}}],"line":88}},"s":{"0":2,"1":4,"2":4,"3":4,"4":4,"5":3,"6":4,"7":4,"8":1,"9":1,"10":1,"11":1,"12":1,"13":3,"14":4,"15":2,"16":1,"17":1,"18":8,"19":2,"20":6,"21":8,"22":4,"23":8,"24":4,"25":8,"26":4,"27":8,"28":8,"29":8,"30":1,"31":4,"32":4,"33":1,"34":2,"35":1,"36":2,"37":1,"38":2},"f":{"0":4,"1":4,"2":1,"3":8},"b":{"0":[3,1],"1":[1,0],"2":[1,0],"3":[2,6],"4":[4,4],"5":[4,4],"6":[4,4],"7":[8,0]},"_coverageSchema":"1a1c01bbd47fc00a2c39e90264f33305004495a9","hash":"ea187c86a9642f5410cd26ddd65a04ff8ebb228d"}
,"/Users/chrisfloyd/Sprints/SDC/reviewandratings/sqlQueries.js": {"path":"/Users/chrisfloyd/Sprints/SDC/reviewandratings/sqlQueries.js","statementMap":{"0":{"start":{"line":1,"column":13},"end":{"line":1,"column":36}},"1":{"start":{"line":2,"column":0},"end":{"line":2,"column":27}},"2":{"start":{"line":3,"column":13},"end":{"line":3,"column":31}},"3":{"start":{"line":4,"column":13},"end":{"line":10,"column":2}},"4":{"start":{"line":14,"column":19},"end":{"line":32,"column":1}},"5":{"start":{"line":16,"column":21},"end":{"line":20,"column":3}},"6":{"start":{"line":21,"column":2},"end":{"line":24,"column":3}},"7":{"start":{"line":22,"column":4},"end":{"line":22,"column":51}},"8":{"start":{"line":23,"column":4},"end":{"line":23,"column":11}},"9":{"start":{"line":25,"column":2},"end":{"line":31,"column":37}},"10":{"start":{"line":28,"column":22},"end":{"line":28,"column":119}},"11":{"start":{"line":29,"column":6},"end":{"line":29,"column":26}},"12":{"start":{"line":31,"column":23},"end":{"line":31,"column":34}},"13":{"start":{"line":36,"column":16},"end":{"line":52,"column":1}},"14":{"start":{"line":37,"column":18},"end":{"line":40,"column":3}},"15":{"start":{"line":41,"column":2},"end":{"line":44,"column":3}},"16":{"start":{"line":42,"column":4},"end":{"line":42,"column":51}},"17":{"start":{"line":43,"column":4},"end":{"line":43,"column":11}},"18":{"start":{"line":45,"column":2},"end":{"line":51,"column":37}},"19":{"start":{"line":48,"column":22},"end":{"line":48,"column":73}},"20":{"start":{"line":49,"column":6},"end":{"line":49,"column":26}},"21":{"start":{"line":51,"column":23},"end":{"line":51,"column":34}},"22":{"start":{"line":56,"column":16},"end":{"line":68,"column":1}},"23":{"start":{"line":57,"column":18},"end":{"line":61,"column":3}},"24":{"start":{"line":62,"column":2},"end":{"line":67,"column":37}},"25":{"start":{"line":65,"column":6},"end":{"line":65,"column":26}},"26":{"start":{"line":67,"column":23},"end":{"line":67,"column":34}},"27":{"start":{"line":72,"column":14},"end":{"line":84,"column":1}},"28":{"start":{"line":73,"column":17},"end":{"line":77,"column":3}},"29":{"start":{"line":78,"column":2},"end":{"line":83,"column":37}},"30":{"start":{"line":81,"column":6},"end":{"line":81,"column":26}},"31":{"start":{"line":83,"column":23},"end":{"line":83,"column":34}},"32":{"start":{"line":89,"column":19},"end":{"line":120,"column":1}},"33":{"start":{"line":91,"column":15},"end":{"line":91,"column":39}},"34":{"start":{"line":92,"column":20},"end":{"line":96,"column":3}},"35":{"start":{"line":97,"column":2},"end":{"line":119,"column":37}},"36":{"start":{"line":100,"column":24},"end":{"line":100,"column":42}},"37":{"start":{"line":102,"column":6},"end":{"line":106,"column":7}},"38":{"start":{"line":103,"column":8},"end":{"line":105,"column":10}},"39":{"start":{"line":104,"column":10},"end":{"line":104,"column":106}},"40":{"start":{"line":107,"column":6},"end":{"line":107,"column":20}},"41":{"start":{"line":110,"column":30},"end":{"line":110,"column":54}},"42":{"start":{"line":111,"column":24},"end":{"line":111,"column":42}},"43":{"start":{"line":113,"column":6},"end":{"line":115,"column":7}},"44":{"start":{"line":114,"column":8},"end":{"line":114,"column":157}},"45":{"start":{"line":116,"column":6},"end":{"line":116,"column":26}},"46":{"start":{"line":119,"column":23},"end":{"line":119,"column":34}},"47":{"start":{"line":122,"column":0},"end":{"line":129,"column":1}}},"fnMap":{"0":{"name":"(anonymous_0)","decl":{"start":{"line":14,"column":19},"end":{"line":14,"column":20}},"loc":{"start":{"line":14,"column":33},"end":{"line":32,"column":1}},"line":14},"1":{"name":"(anonymous_1)","decl":{"start":{"line":27,"column":10},"end":{"line":27,"column":11}},"loc":{"start":{"line":27,"column":23},"end":{"line":30,"column":5}},"line":27},"2":{"name":"(anonymous_2)","decl":{"start":{"line":31,"column":11},"end":{"line":31,"column":12}},"loc":{"start":{"line":31,"column":22},"end":{"line":31,"column":35}},"line":31},"3":{"name":"(anonymous_3)","decl":{"start":{"line":36,"column":16},"end":{"line":36,"column":17}},"loc":{"start":{"line":36,"column":30},"end":{"line":52,"column":1}},"line":36},"4":{"name":"(anonymous_4)","decl":{"start":{"line":47,"column":10},"end":{"line":47,"column":11}},"loc":{"start":{"line":47,"column":23},"end":{"line":50,"column":5}},"line":47},"5":{"name":"(anonymous_5)","decl":{"start":{"line":51,"column":11},"end":{"line":51,"column":12}},"loc":{"start":{"line":51,"column":22},"end":{"line":51,"column":35}},"line":51},"6":{"name":"(anonymous_6)","decl":{"start":{"line":56,"column":16},"end":{"line":56,"column":17}},"loc":{"start":{"line":56,"column":30},"end":{"line":68,"column":1}},"line":56},"7":{"name":"(anonymous_7)","decl":{"start":{"line":64,"column":10},"end":{"line":64,"column":11}},"loc":{"start":{"line":64,"column":23},"end":{"line":66,"column":5}},"line":64},"8":{"name":"(anonymous_8)","decl":{"start":{"line":67,"column":11},"end":{"line":67,"column":12}},"loc":{"start":{"line":67,"column":22},"end":{"line":67,"column":35}},"line":67},"9":{"name":"(anonymous_9)","decl":{"start":{"line":72,"column":14},"end":{"line":72,"column":15}},"loc":{"start":{"line":72,"column":28},"end":{"line":84,"column":1}},"line":72},"10":{"name":"(anonymous_10)","decl":{"start":{"line":80,"column":10},"end":{"line":80,"column":11}},"loc":{"start":{"line":80,"column":23},"end":{"line":82,"column":5}},"line":80},"11":{"name":"(anonymous_11)","decl":{"start":{"line":83,"column":11},"end":{"line":83,"column":12}},"loc":{"start":{"line":83,"column":22},"end":{"line":83,"column":35}},"line":83},"12":{"name":"(anonymous_12)","decl":{"start":{"line":89,"column":19},"end":{"line":89,"column":20}},"loc":{"start":{"line":89,"column":33},"end":{"line":120,"column":1}},"line":89},"13":{"name":"(anonymous_13)","decl":{"start":{"line":99,"column":10},"end":{"line":99,"column":11}},"loc":{"start":{"line":99,"column":23},"end":{"line":108,"column":5}},"line":99},"14":{"name":"(anonymous_14)","decl":{"start":{"line":103,"column":32},"end":{"line":103,"column":33}},"loc":{"start":{"line":103,"column":48},"end":{"line":105,"column":9}},"line":103},"15":{"name":"(anonymous_15)","decl":{"start":{"line":109,"column":11},"end":{"line":109,"column":12}},"loc":{"start":{"line":109,"column":30},"end":{"line":118,"column":5}},"line":109},"16":{"name":"(anonymous_16)","decl":{"start":{"line":119,"column":11},"end":{"line":119,"column":12}},"loc":{"start":{"line":119,"column":22},"end":{"line":119,"column":35}},"line":119}},"branchMap":{"0":{"loc":{"start":{"line":19,"column":35},"end":{"line":19,"column":55}},"type":"binary-expr","locations":[{"start":{"line":19,"column":35},"end":{"line":19,"column":50}},{"start":{"line":19,"column":54},"end":{"line":19,"column":55}}],"line":19},"1":{"loc":{"start":{"line":21,"column":2},"end":{"line":24,"column":3}},"type":"if","locations":[{"start":{"line":21,"column":2},"end":{"line":24,"column":3}},{"start":{"line":21,"column":2},"end":{"line":24,"column":3}}],"line":21},"2":{"loc":{"start":{"line":28,"column":77},"end":{"line":28,"column":96}},"type":"binary-expr","locations":[{"start":{"line":28,"column":77},"end":{"line":28,"column":91}},{"start":{"line":28,"column":95},"end":{"line":28,"column":96}}],"line":28},"3":{"loc":{"start":{"line":28,"column":98},"end":{"line":28,"column":118}},"type":"binary-expr","locations":[{"start":{"line":28,"column":98},"end":{"line":28,"column":113}},{"start":{"line":28,"column":117},"end":{"line":28,"column":118}}],"line":28},"4":{"loc":{"start":{"line":41,"column":2},"end":{"line":44,"column":3}},"type":"if","locations":[{"start":{"line":41,"column":2},"end":{"line":44,"column":3}},{"start":{"line":41,"column":2},"end":{"line":44,"column":3}}],"line":41},"5":{"loc":{"start":{"line":102,"column":6},"end":{"line":106,"column":7}},"type":"if","locations":[{"start":{"line":102,"column":6},"end":{"line":106,"column":7}},{"start":{"line":102,"column":6},"end":{"line":106,"column":7}}],"line":102}},"s":{"0":1,"1":1,"2":1,"3":1,"4":1,"5":0,"6":0,"7":0,"8":0,"9":0,"10":0,"11":0,"12":0,"13":1,"14":0,"15":0,"16":0,"17":0,"18":0,"19":0,"20":0,"21":0,"22":1,"23":0,"24":0,"25":0,"26":0,"27":1,"28":0,"29":0,"30":0,"31":0,"32":1,"33":0,"34":0,"35":0,"36":0,"37":0,"38":0,"39":0,"40":0,"41":0,"42":0,"43":0,"44":0,"45":0,"46":0,"47":1},"f":{"0":0,"1":0,"2":0,"3":0,"4":0,"5":0,"6":0,"7":0,"8":0,"9":0,"10":0,"11":0,"12":0,"13":0,"14":0,"15":0,"16":0},"b":{"0":[0,0],"1":[0,0],"2":[0,0],"3":[0,0],"4":[0,0],"5":[0,0]},"_coverageSchema":"1a1c01bbd47fc00a2c39e90264f33305004495a9","hash":"12c887cada2112d47c924275e017b62c06d58c41"}
,"/Users/chrisfloyd/Sprints/SDC/reviewandratings/tests/apiMockData.js": {"path":"/Users/chrisfloyd/Sprints/SDC/reviewandratings/tests/apiMockData.js","statementMap":{"0":{"start":{"line":1,"column":14},"end":{"line":1,"column":72}},"1":{"start":{"line":3,"column":20},"end":{"line":3,"column":215}},"2":{"start":{"line":5,"column":19},"end":{"line":5,"column":408}},"3":{"start":{"line":8,"column":17},"end":{"line":81,"column":1}},"4":{"start":{"line":83,"column":0},"end":{"line":88,"column":1}}},"fnMap":{},"branchMap":{},"s":{"0":1,"1":1,"2":1,"3":1,"4":1},"f":{},"b":{},"_coverageSchema":"1a1c01bbd47fc00a2c39e90264f33305004495a9","hash":"c214103fac8e4b4877aa1736cb9b87c911f2a6df"}
,"/Users/chrisfloyd/Sprints/SDC/reviewandratings/tests/sum.js": {"path":"/Users/chrisfloyd/Sprints/SDC/reviewandratings/tests/sum.js","statementMap":{"0":{"start":{"line":2,"column":2},"end":{"line":2,"column":15}},"1":{"start":{"line":4,"column":0},"end":{"line":4,"column":21}}},"fnMap":{"0":{"name":"sum","decl":{"start":{"line":1,"column":9},"end":{"line":1,"column":12}},"loc":{"start":{"line":1,"column":19},"end":{"line":3,"column":1}},"line":1}},"branchMap":{},"s":{"0":1,"1":1},"f":{"0":1},"b":{},"_coverageSchema":"1a1c01bbd47fc00a2c39e90264f33305004495a9","hash":"bafe318754b8d44d0d5e32f63d065ef06f6f6e18"}
}
