TN:
SF:helpers.js
FN:2,(anonymous_0)
FN:10,(anonymous_1)
FN:56,(anonymous_2)
FN:67,(anonymous_3)
FNF:4
FNH:4
FNDA:4,(anonymous_0)
FNDA:4,(anonymous_1)
FNDA:1,(anonymous_2)
FNDA:8,(anonymous_3)
DA:2,1
DA:3,4
DA:10,4
DA:14,4
DA:27,4
DA:28,3
DA:36,4
DA:37,1
DA:38,1
DA:39,1
DA:40,1
DA:44,1
DA:48,3
DA:52,4
DA:56,1
DA:57,1
DA:67,1
DA:69,8
DA:70,2
DA:72,6
DA:76,8
DA:77,4
DA:79,8
DA:80,4
DA:84,8
DA:85,4
DA:92,8
DA:93,8
DA:94,8
DA:98,1
DA:99,4
DA:100,4
DA:102,1
DA:103,2
DA:106,1
DA:107,2
DA:109,1
DA:117,1
LF:38
LH:38
BRDA:27,0,0,3
BRDA:27,0,1,1
BRDA:38,1,0,1
BRDA:38,1,1,0
BRDA:39,2,0,1
BRDA:39,2,1,0
BRDA:69,3,0,2
BRDA:69,3,1,6
BRDA:76,4,0,4
BRDA:76,4,1,4
BRDA:79,5,0,4
BRDA:79,5,1,4
BRDA:84,6,0,4
BRDA:84,6,1,4
BRDA:92,7,0,8
BRDA:92,7,1,0
BRF:16
BRH:13
end_of_record
TN:
SF:tests/apiMockData.js
FNF:0
FNH:0
DA:1,1
DA:3,1
DA:5,1
DA:8,1
DA:83,1
LF:5
LH:5
BRF:0
BRH:0
end_of_record
TN:
SF:tests/sum.js
FN:1,sum
FNF:1
FNH:1
FNDA:1,sum
DA:2,1
DA:4,1
LF:2
LH:2
BRF:0
BRH:0
end_of_record
